<?xml version="1.0" encoding="UTF-8"?>
<!-- Generated by org.testng.reporters.JUnitReportReporter -->
<testsuite hostname="asus_tuf_" failures="0" tests="5" name="Rishiherbalindia.rishiherba" time="62.451" errors="0" timestamp="2024-02-19T15:59:03 IST" skipped="0">
  <testcase classname="Rishiherbalindia.rishiherba" name="test3" time="0.123"/>
  <system-out/>
  <testcase classname="Rishiherbalindia.rishiherba" name="test1" time="8.898"/>
  <system-out/>
  <testcase classname="Rishiherbalindia.rishiherba" name="test4" time="29.120"/>
  <system-out/>
  <testcase classname="Rishiherbalindia.rishiherba" name="test2" time="23.863"/>
  <system-out/>
  <testcase classname="Rishiherbalindia.rishiherba" name="test5" time="0.447"/>
  <system-out/>
</testsuite> <!-- Rishiherbalindia.rishiherba -->
