<?xml version="1.0" encoding="UTF-8"?>
<!-- Generated by org.testng.reporters.JUnitReportReporter -->
<testsuite hostname="asus_tuf_" failures="0" tests="1" name="Assignment3.Assignmentno3" time="20.298" errors="0" timestamp="2024-02-22T14:19:55 IST" skipped="0">
  <testcase classname="Assignment3.Assignmentno3" name="test1" time="20.298"/>
  <system-out/>
</testsuite> <!-- Assignment3.Assignmentno3 -->
